<?xml version="1.0" encoding="UTF-8"?>
<coverage generated="1658778404593" clover="3.2.0">
  <project timestamp="1658778404594" name="All files">
    <metrics statements="28" coveredstatements="27" conditionals="6" coveredconditionals="5" methods="3" coveredmethods="3" elements="37" coveredelements="35" complexity="0" loc="28" ncloc="28" packages="3" files="3" classes="3"/>
    <package name="controllers">
      <metrics statements="14" coveredstatements="13" conditionals="4" coveredconditionals="3" methods="1" coveredmethods="1"/>
      <file name="signup.ts" path="/home/edmarr2/Projetos/saude-mental-negra/scr/presentation/controllers/signup.ts">
        <metrics statements="14" coveredstatements="13" conditionals="4" coveredconditionals="3" methods="1" coveredmethods="1"/>
        <line num="1" count="1" type="stmt"/>
        <line num="2" count="1" type="stmt"/>
        <line num="3" count="1" type="stmt"/>
        <line num="4" count="1" type="stmt"/>
        <line num="5" count="1" type="cond" truecount="1" falsecount="0"/>
        <line num="6" count="3" type="stmt"/>
        <line num="7" count="3" type="stmt"/>
        <line num="8" count="3" type="cond" truecount="1" falsecount="0"/>
        <line num="9" count="6" type="cond" truecount="1" falsecount="0"/>
        <line num="10" count="3" type="stmt"/>
        <line num="11" count="3" type="stmt"/>
        <line num="12" count="6" type="stmt"/>
        <line num="13" count="0" type="cond" truecount="0" falsecount="1"/>
        <line num="14" count="1" type="stmt"/>
      </file>
    </package>
    <package name="errors">
      <metrics statements="6" coveredstatements="6" conditionals="1" coveredconditionals="1" methods="1" coveredmethods="1"/>
      <file name="missing-param-erro.ts" path="/home/edmarr2/Projetos/saude-mental-negra/scr/presentation/errors/missing-param-erro.ts">
        <metrics statements="6" coveredstatements="6" conditionals="1" coveredconditionals="1" methods="1" coveredmethods="1"/>
        <line num="1" count="1" type="stmt"/>
        <line num="2" count="1" type="cond" truecount="1" falsecount="0"/>
        <line num="3" count="6" type="stmt"/>
        <line num="4" count="6" type="stmt"/>
        <line num="5" count="6" type="stmt"/>
        <line num="6" count="1" type="stmt"/>
      </file>
    </package>
    <package name="helper">
      <metrics statements="8" coveredstatements="8" conditionals="1" coveredconditionals="1" methods="1" coveredmethods="1"/>
      <file name="http-helper.ts" path="/home/edmarr2/Projetos/saude-mental-negra/scr/presentation/helper/http-helper.ts">
        <metrics statements="8" coveredstatements="8" conditionals="1" coveredconditionals="1" methods="1" coveredmethods="1"/>
        <line num="1" count="1" type="stmt"/>
        <line num="2" count="1" type="stmt"/>
        <line num="3" count="1" type="cond" truecount="1" falsecount="0"/>
        <line num="4" count="3" type="stmt"/>
        <line num="5" count="3" type="stmt"/>
        <line num="6" count="3" type="stmt"/>
        <line num="7" count="3" type="stmt"/>
        <line num="8" count="3" type="stmt"/>
      </file>
    </package>
  </project>
</coverage>
