TN:
SF:scr/presentation/controllers/signup.ts
FN:10,SignUpController
FN:14,handle
FNF:2
FNH:2
FNDA:6,SignUpController
FNDA:6,handle
DA:1,1
DA:2,1
DA:3,1
DA:4,1
DA:5,1
DA:6,1
DA:7,1
DA:8,1
DA:9,1
DA:10,1
DA:11,6
DA:12,6
DA:13,1
DA:14,1
DA:15,6
DA:16,6
DA:17,6
DA:18,6
DA:19,18
DA:20,3
DA:21,3
DA:22,18
DA:23,3
DA:24,6
DA:25,1
DA:26,1
DA:27,6
DA:28,1
DA:29,1
DA:30,1
DA:31,1
DA:32,1
DA:33,6
DA:34,1
LF:34
LH:34
BRDA:10,0,0,6
BRDA:14,1,0,6
BRDA:18,2,0,18
BRDA:19,3,0,3
BRDA:23,4,0,3
BRDA:24,5,0,1
BRDA:27,6,0,1
BRF:7
BRH:7
end_of_record
TN:
SF:scr/presentation/errors/invalid-param-error.ts
FN:2,InvalidParamError
FNF:1
FNH:1
FNDA:2,InvalidParamError
DA:1,1
DA:2,1
DA:3,2
DA:4,2
DA:5,2
DA:6,1
LF:6
LH:6
BRDA:2,0,0,2
BRF:1
BRH:1
end_of_record
TN:
SF:scr/presentation/errors/missing-param-erro.ts
FN:2,MissingParamError
FNF:1
FNH:1
FNDA:6,MissingParamError
DA:1,1
DA:2,1
DA:3,6
DA:4,6
DA:5,6
DA:6,1
LF:6
LH:6
BRDA:2,0,0,6
BRF:1
BRH:1
end_of_record
TN:
SF:scr/presentation/errors/server-error.ts
FN:2,ServerError
FNF:1
FNH:1
FNDA:2,ServerError
DA:1,1
DA:2,1
DA:3,2
DA:4,2
DA:5,2
DA:6,1
LF:6
LH:6
BRDA:2,0,0,2
BRF:1
BRH:1
end_of_record
TN:
SF:scr/presentation/helper/http-helper.ts
FN:3,badRequest
FNF:1
FNH:1
FNDA:4,badRequest
DA:1,1
DA:2,1
DA:3,1
DA:4,4
DA:5,4
DA:6,4
DA:7,4
DA:8,4
LF:8
LH:8
BRDA:3,0,0,4
BRF:1
BRH:1
end_of_record
