TN:
SF:scr/presentation/controllers/signup.ts
FN:12,SignUpController
FN:17,handle
FNF:2
FNH:2
FNDA:8,SignUpController
FNDA:8,handle
DA:1,1
DA:2,1
DA:3,1
DA:4,1
DA:5,1
DA:6,1
DA:7,1
DA:8,1
DA:9,1
DA:10,1
DA:11,1
DA:12,1
DA:13,8
DA:14,8
DA:15,8
DA:16,1
DA:17,1
DA:18,8
DA:19,8
DA:20,8
DA:21,8
DA:22,26
DA:23,3
DA:24,3
DA:25,26
DA:26,5
DA:27,5
DA:28,5
DA:29,8
DA:30,1
DA:31,1
DA:32,4
DA:33,4
DA:34,8
DA:35,1
DA:36,1
DA:37,2
DA:38,2
DA:39,2
DA:40,2
DA:41,8
DA:42,1
LF:42
LH:42
BRDA:12,0,0,8
BRDA:17,1,0,8
BRDA:21,2,0,26
BRDA:22,3,0,3
BRDA:26,4,0,5
BRDA:29,5,0,1
BRDA:32,6,0,4
BRDA:34,7,0,1
BRDA:37,8,0,2
BRF:9
BRH:9
end_of_record
TN:
SF:scr/presentation/errors/invalid-param-error.ts
FN:2,InvalidParamError
FNF:1
FNH:1
FNDA:4,InvalidParamError
DA:1,1
DA:2,1
DA:3,4
DA:4,4
DA:5,4
DA:6,1
LF:6
LH:6
BRDA:2,0,0,4
BRF:1
BRH:1
end_of_record
TN:
SF:scr/presentation/errors/missing-param-erro.ts
FN:2,MissingParamError
FNF:1
FNH:1
FNDA:6,MissingParamError
DA:1,1
DA:2,1
DA:3,6
DA:4,6
DA:5,6
DA:6,1
LF:6
LH:6
BRDA:2,0,0,6
BRF:1
BRH:1
end_of_record
TN:
SF:scr/presentation/errors/server-error.ts
FN:2,ServerError
FNF:1
FNH:1
FNDA:3,ServerError
DA:1,1
DA:2,1
DA:3,3
DA:4,3
DA:5,3
DA:6,1
LF:6
LH:6
BRDA:2,0,0,3
BRF:1
BRH:1
end_of_record
TN:
SF:scr/presentation/helper/http-helper.ts
FN:4,badRequest
FN:11,serverError
FNF:2
FNH:2
FNDA:5,badRequest
FNDA:2,serverError
DA:1,1
DA:2,1
DA:3,1
DA:4,1
DA:5,5
DA:6,5
DA:7,5
DA:8,5
DA:9,5
DA:10,1
DA:11,1
DA:12,2
DA:13,2
DA:14,2
DA:15,2
DA:16,2
LF:16
LH:16
BRDA:4,0,0,5
BRDA:11,1,0,2
BRF:2
BRH:2
end_of_record
